{"/Users/bakhromachilov/Documents/uzkassa/request-js/src/core/ApiProvider.tsx": {"path":"/Users/bakhromachilov/Documents/uzkassa/request-js/src/core/ApiProvider.tsx","statementMap":{"0":{"start":{"line":8,"column":57},"end":{"line":13,"column":1}},"1":{"start":{"line":9,"column":2},"end":{"line":11,"column":3}},"2":{"start":{"line":10,"column":4},"end":{"line":10,"column":77}},"3":{"start":{"line":12,"column":2},"end":{"line":12,"column":33}}},"fnMap":{"0":{"name":"(anonymous_0)","decl":{"start":{"line":8,"column":57},"end":{"line":8,"column":58}},"loc":{"start":{"line":8,"column":68},"end":{"line":13,"column":1}},"line":8}},"branchMap":{"0":{"loc":{"start":{"line":9,"column":2},"end":{"line":11,"column":3}},"type":"if","locations":[{"start":{"line":9,"column":2},"end":{"line":11,"column":3}},{"start":{"line":9,"column":2},"end":{"line":11,"column":3}}],"line":9}},"s":{"0":1,"1":1,"2":1,"3":1},"f":{"0":1},"b":{"0":[1,0]},"_coverageSchema":"1a1c01bbd47fc00a2c39e90264f33305004495a9","hash":"18fab6b6350af6f8e959be127eb110818938fb1f"}
,"/Users/bakhromachilov/Documents/uzkassa/request-js/src/core/Request.ts": {"path":"/Users/bakhromachilov/Documents/uzkassa/request-js/src/core/Request.ts","statementMap":{"0":{"start":{"line":63,"column":4},"end":{"line":63,"column":41}},"1":{"start":{"line":71,"column":4},"end":{"line":76,"column":26}},"2":{"start":{"line":84,"column":4},"end":{"line":84,"column":79}},"3":{"start":{"line":92,"column":4},"end":{"line":92,"column":73}},"4":{"start":{"line":100,"column":4},"end":{"line":105,"column":7}},"5":{"start":{"line":113,"column":4},"end":{"line":113,"column":59}},"6":{"start":{"line":121,"column":4},"end":{"line":139,"column":5}},"7":{"start":{"line":122,"column":23},"end":{"line":122,"column":37}},"8":{"start":{"line":123,"column":6},"end":{"line":125,"column":7}},"9":{"start":{"line":124,"column":8},"end":{"line":124,"column":59}},"10":{"start":{"line":126,"column":6},"end":{"line":131,"column":9}},"11":{"start":{"line":133,"column":6},"end":{"line":138,"column":9}},"12":{"start":{"line":147,"column":4},"end":{"line":147,"column":63}},"13":{"start":{"line":155,"column":4},"end":{"line":155,"column":72}},"14":{"start":{"line":163,"column":4},"end":{"line":163,"column":54}},"15":{"start":{"line":171,"column":4},"end":{"line":171,"column":77}},"16":{"start":{"line":179,"column":4},"end":{"line":179,"column":59}},"17":{"start":{"line":183,"column":4},"end":{"line":183,"column":25}},"18":{"start":{"line":189,"column":4},"end":{"line":189,"column":31}}},"fnMap":{"0":{"name":"(anonymous_0)","decl":{"start":{"line":62,"column":2},"end":{"line":62,"column":3}},"loc":{"start":{"line":62,"column":42},"end":{"line":64,"column":3}},"line":62},"1":{"name":"(anonymous_1)","decl":{"start":{"line":66,"column":2},"end":{"line":66,"column":3}},"loc":{"start":{"line":70,"column":28},"end":{"line":77,"column":3}},"line":70},"2":{"name":"(anonymous_2)","decl":{"start":{"line":79,"column":2},"end":{"line":79,"column":3}},"loc":{"start":{"line":83,"column":31},"end":{"line":85,"column":3}},"line":83},"3":{"name":"(anonymous_3)","decl":{"start":{"line":87,"column":2},"end":{"line":87,"column":3}},"loc":{"start":{"line":91,"column":28},"end":{"line":93,"column":3}},"line":91},"4":{"name":"(anonymous_4)","decl":{"start":{"line":95,"column":2},"end":{"line":95,"column":3}},"loc":{"start":{"line":99,"column":28},"end":{"line":106,"column":3}},"line":99},"5":{"name":"(anonymous_5)","decl":{"start":{"line":108,"column":2},"end":{"line":108,"column":3}},"loc":{"start":{"line":112,"column":31},"end":{"line":114,"column":3}},"line":112},"6":{"name":"(anonymous_6)","decl":{"start":{"line":116,"column":2},"end":{"line":116,"column":3}},"loc":{"start":{"line":120,"column":28},"end":{"line":140,"column":3}},"line":120},"7":{"name":"(anonymous_7)","decl":{"start":{"line":142,"column":2},"end":{"line":142,"column":3}},"loc":{"start":{"line":146,"column":31},"end":{"line":148,"column":3}},"line":146},"8":{"name":"(anonymous_8)","decl":{"start":{"line":150,"column":2},"end":{"line":150,"column":3}},"loc":{"start":{"line":154,"column":28},"end":{"line":156,"column":3}},"line":154},"9":{"name":"(anonymous_9)","decl":{"start":{"line":158,"column":2},"end":{"line":158,"column":3}},"loc":{"start":{"line":162,"column":31},"end":{"line":164,"column":3}},"line":162},"10":{"name":"(anonymous_10)","decl":{"start":{"line":166,"column":2},"end":{"line":166,"column":3}},"loc":{"start":{"line":170,"column":28},"end":{"line":172,"column":3}},"line":170},"11":{"name":"(anonymous_11)","decl":{"start":{"line":174,"column":2},"end":{"line":174,"column":3}},"loc":{"start":{"line":178,"column":31},"end":{"line":180,"column":3}},"line":178},"12":{"name":"(anonymous_12)","decl":{"start":{"line":182,"column":2},"end":{"line":182,"column":3}},"loc":{"start":{"line":182,"column":31},"end":{"line":184,"column":3}},"line":182},"13":{"name":"(anonymous_13)","decl":{"start":{"line":188,"column":2},"end":{"line":188,"column":3}},"loc":{"start":{"line":188,"column":62},"end":{"line":190,"column":3}},"line":188}},"branchMap":{"0":{"loc":{"start":{"line":69,"column":4},"end":{"line":69,"column":30}},"type":"default-arg","locations":[{"start":{"line":69,"column":26},"end":{"line":69,"column":30}}],"line":69},"1":{"loc":{"start":{"line":82,"column":4},"end":{"line":82,"column":30}},"type":"default-arg","locations":[{"start":{"line":82,"column":26},"end":{"line":82,"column":30}}],"line":82},"2":{"loc":{"start":{"line":90,"column":4},"end":{"line":90,"column":30}},"type":"default-arg","locations":[{"start":{"line":90,"column":26},"end":{"line":90,"column":30}}],"line":90},"3":{"loc":{"start":{"line":98,"column":4},"end":{"line":98,"column":30}},"type":"default-arg","locations":[{"start":{"line":98,"column":26},"end":{"line":98,"column":30}}],"line":98},"4":{"loc":{"start":{"line":111,"column":4},"end":{"line":111,"column":30}},"type":"default-arg","locations":[{"start":{"line":111,"column":26},"end":{"line":111,"column":30}}],"line":111},"5":{"loc":{"start":{"line":119,"column":4},"end":{"line":119,"column":30}},"type":"default-arg","locations":[{"start":{"line":119,"column":26},"end":{"line":119,"column":30}}],"line":119},"6":{"loc":{"start":{"line":121,"column":4},"end":{"line":139,"column":5}},"type":"if","locations":[{"start":{"line":121,"column":4},"end":{"line":139,"column":5}},{"start":{"line":121,"column":4},"end":{"line":139,"column":5}}],"line":121},"7":{"loc":{"start":{"line":145,"column":4},"end":{"line":145,"column":30}},"type":"default-arg","locations":[{"start":{"line":145,"column":26},"end":{"line":145,"column":30}}],"line":145},"8":{"loc":{"start":{"line":153,"column":4},"end":{"line":153,"column":30}},"type":"default-arg","locations":[{"start":{"line":153,"column":26},"end":{"line":153,"column":30}}],"line":153},"9":{"loc":{"start":{"line":161,"column":4},"end":{"line":161,"column":30}},"type":"default-arg","locations":[{"start":{"line":161,"column":26},"end":{"line":161,"column":30}}],"line":161},"10":{"loc":{"start":{"line":169,"column":4},"end":{"line":169,"column":30}},"type":"default-arg","locations":[{"start":{"line":169,"column":26},"end":{"line":169,"column":30}}],"line":169},"11":{"loc":{"start":{"line":177,"column":4},"end":{"line":177,"column":30}},"type":"default-arg","locations":[{"start":{"line":177,"column":26},"end":{"line":177,"column":30}}],"line":177}},"s":{"0":1,"1":1,"2":0,"3":1,"4":1,"5":0,"6":0,"7":0,"8":0,"9":0,"10":0,"11":0,"12":0,"13":1,"14":0,"15":1,"16":0,"17":0,"18":1},"f":{"0":1,"1":1,"2":0,"3":1,"4":1,"5":0,"6":0,"7":0,"8":1,"9":0,"10":1,"11":0,"12":0,"13":1},"b":{"0":[0],"1":[0],"2":[0],"3":[0],"4":[0],"5":[0],"6":[0,0],"7":[0],"8":[0],"9":[0],"10":[0],"11":[0]},"_coverageSchema":"1a1c01bbd47fc00a2c39e90264f33305004495a9","hash":"589b75dee730f694b77f9dffe6e4357959cf1d70"}
,"/Users/bakhromachilov/Documents/uzkassa/request-js/src/core/hooks.ts": {"path":"/Users/bakhromachilov/Documents/uzkassa/request-js/src/core/hooks.ts","statementMap":{"0":{"start":{"line":12,"column":22},"end":{"line":36,"column":1}},"1":{"start":{"line":17,"column":2},"end":{"line":19,"column":3}},"2":{"start":{"line":18,"column":4},"end":{"line":18,"column":47}},"3":{"start":{"line":21,"column":36},"end":{"line":21,"column":60}},"4":{"start":{"line":22,"column":34},"end":{"line":22,"column":59}},"5":{"start":{"line":24,"column":18},"end":{"line":33,"column":3}},"6":{"start":{"line":26,"column":6},"end":{"line":26,"column":25}},"7":{"start":{"line":27,"column":6},"end":{"line":30,"column":41}},"8":{"start":{"line":30,"column":20},"end":{"line":30,"column":39}},"9":{"start":{"line":35,"column":2},"end":{"line":35,"column":54}},"10":{"start":{"line":35,"column":16},"end":{"line":35,"column":31}},"11":{"start":{"line":38,"column":28},"end":{"line":47,"column":1}},"12":{"start":{"line":43,"column":2},"end":{"line":45,"column":3}},"13":{"start":{"line":44,"column":4},"end":{"line":44,"column":47}},"14":{"start":{"line":46,"column":2},"end":{"line":46,"column":55}},"15":{"start":{"line":49,"column":27},"end":{"line":72,"column":1}},"16":{"start":{"line":54,"column":2},"end":{"line":56,"column":3}},"17":{"start":{"line":55,"column":4},"end":{"line":55,"column":47}},"18":{"start":{"line":57,"column":36},"end":{"line":57,"column":60}},"19":{"start":{"line":58,"column":34},"end":{"line":58,"column":59}},"20":{"start":{"line":60,"column":18},"end":{"line":69,"column":3}},"21":{"start":{"line":62,"column":6},"end":{"line":62,"column":25}},"22":{"start":{"line":63,"column":6},"end":{"line":66,"column":41}},"23":{"start":{"line":66,"column":20},"end":{"line":66,"column":39}},"24":{"start":{"line":71,"column":2},"end":{"line":71,"column":52}},"25":{"start":{"line":71,"column":16},"end":{"line":71,"column":29}},"26":{"start":{"line":74,"column":31},"end":{"line":98,"column":1}},"27":{"start":{"line":79,"column":2},"end":{"line":81,"column":3}},"28":{"start":{"line":80,"column":4},"end":{"line":80,"column":47}},"29":{"start":{"line":83,"column":36},"end":{"line":83,"column":60}},"30":{"start":{"line":84,"column":34},"end":{"line":84,"column":59}},"31":{"start":{"line":86,"column":18},"end":{"line":95,"column":3}},"32":{"start":{"line":88,"column":6},"end":{"line":88,"column":25}},"33":{"start":{"line":89,"column":6},"end":{"line":92,"column":41}},"34":{"start":{"line":92,"column":20},"end":{"line":92,"column":39}},"35":{"start":{"line":97,"column":2},"end":{"line":97,"column":52}},"36":{"start":{"line":97,"column":16},"end":{"line":97,"column":29}},"37":{"start":{"line":100,"column":33},"end":{"line":109,"column":1}},"38":{"start":{"line":105,"column":2},"end":{"line":107,"column":3}},"39":{"start":{"line":106,"column":4},"end":{"line":106,"column":47}},"40":{"start":{"line":108,"column":2},"end":{"line":108,"column":58}},"41":{"start":{"line":111,"column":37},"end":{"line":120,"column":1}},"42":{"start":{"line":116,"column":2},"end":{"line":118,"column":3}},"43":{"start":{"line":117,"column":4},"end":{"line":117,"column":47}},"44":{"start":{"line":119,"column":2},"end":{"line":119,"column":62}},"45":{"start":{"line":122,"column":22},"end":{"line":146,"column":1}},"46":{"start":{"line":127,"column":2},"end":{"line":129,"column":3}},"47":{"start":{"line":128,"column":4},"end":{"line":128,"column":47}},"48":{"start":{"line":131,"column":36},"end":{"line":131,"column":60}},"49":{"start":{"line":132,"column":34},"end":{"line":132,"column":59}},"50":{"start":{"line":134,"column":18},"end":{"line":143,"column":3}},"51":{"start":{"line":136,"column":6},"end":{"line":136,"column":25}},"52":{"start":{"line":137,"column":6},"end":{"line":140,"column":41}},"53":{"start":{"line":140,"column":20},"end":{"line":140,"column":39}},"54":{"start":{"line":145,"column":2},"end":{"line":145,"column":52}},"55":{"start":{"line":145,"column":16},"end":{"line":145,"column":29}},"56":{"start":{"line":148,"column":28},"end":{"line":157,"column":1}},"57":{"start":{"line":153,"column":2},"end":{"line":155,"column":3}},"58":{"start":{"line":154,"column":4},"end":{"line":154,"column":47}},"59":{"start":{"line":156,"column":2},"end":{"line":156,"column":53}},"60":{"start":{"line":159,"column":25},"end":{"line":182,"column":1}},"61":{"start":{"line":164,"column":2},"end":{"line":166,"column":3}},"62":{"start":{"line":165,"column":4},"end":{"line":165,"column":47}},"63":{"start":{"line":167,"column":36},"end":{"line":167,"column":60}},"64":{"start":{"line":168,"column":34},"end":{"line":168,"column":59}},"65":{"start":{"line":170,"column":18},"end":{"line":179,"column":3}},"66":{"start":{"line":172,"column":6},"end":{"line":172,"column":25}},"67":{"start":{"line":173,"column":6},"end":{"line":176,"column":41}},"68":{"start":{"line":176,"column":20},"end":{"line":176,"column":39}},"69":{"start":{"line":181,"column":2},"end":{"line":181,"column":54}},"70":{"start":{"line":181,"column":16},"end":{"line":181,"column":31}},"71":{"start":{"line":184,"column":31},"end":{"line":193,"column":1}},"72":{"start":{"line":189,"column":2},"end":{"line":191,"column":3}},"73":{"start":{"line":190,"column":4},"end":{"line":190,"column":47}},"74":{"start":{"line":192,"column":2},"end":{"line":192,"column":58}}},"fnMap":{"0":{"name":"(anonymous_0)","decl":{"start":{"line":12,"column":22},"end":{"line":12,"column":23}},"loc":{"start":{"line":16,"column":36},"end":{"line":36,"column":1}},"line":16},"1":{"name":"(anonymous_1)","decl":{"start":{"line":25,"column":4},"end":{"line":25,"column":5}},"loc":{"start":{"line":25,"column":16},"end":{"line":31,"column":5}},"line":25},"2":{"name":"(anonymous_2)","decl":{"start":{"line":30,"column":14},"end":{"line":30,"column":15}},"loc":{"start":{"line":30,"column":20},"end":{"line":30,"column":39}},"line":30},"3":{"name":"(anonymous_3)","decl":{"start":{"line":35,"column":10},"end":{"line":35,"column":11}},"loc":{"start":{"line":35,"column":16},"end":{"line":35,"column":31}},"line":35},"4":{"name":"(anonymous_4)","decl":{"start":{"line":38,"column":28},"end":{"line":38,"column":29}},"loc":{"start":{"line":42,"column":32},"end":{"line":47,"column":1}},"line":42},"5":{"name":"(anonymous_5)","decl":{"start":{"line":49,"column":27},"end":{"line":49,"column":28}},"loc":{"start":{"line":53,"column":36},"end":{"line":72,"column":1}},"line":53},"6":{"name":"(anonymous_6)","decl":{"start":{"line":61,"column":4},"end":{"line":61,"column":5}},"loc":{"start":{"line":61,"column":14},"end":{"line":67,"column":5}},"line":61},"7":{"name":"(anonymous_7)","decl":{"start":{"line":66,"column":14},"end":{"line":66,"column":15}},"loc":{"start":{"line":66,"column":20},"end":{"line":66,"column":39}},"line":66},"8":{"name":"(anonymous_8)","decl":{"start":{"line":71,"column":10},"end":{"line":71,"column":11}},"loc":{"start":{"line":71,"column":16},"end":{"line":71,"column":29}},"line":71},"9":{"name":"(anonymous_9)","decl":{"start":{"line":74,"column":31},"end":{"line":74,"column":32}},"loc":{"start":{"line":78,"column":36},"end":{"line":98,"column":1}},"line":78},"10":{"name":"(anonymous_10)","decl":{"start":{"line":87,"column":4},"end":{"line":87,"column":5}},"loc":{"start":{"line":87,"column":14},"end":{"line":93,"column":5}},"line":87},"11":{"name":"(anonymous_11)","decl":{"start":{"line":92,"column":14},"end":{"line":92,"column":15}},"loc":{"start":{"line":92,"column":20},"end":{"line":92,"column":39}},"line":92},"12":{"name":"(anonymous_12)","decl":{"start":{"line":97,"column":10},"end":{"line":97,"column":11}},"loc":{"start":{"line":97,"column":16},"end":{"line":97,"column":29}},"line":97},"13":{"name":"(anonymous_13)","decl":{"start":{"line":100,"column":33},"end":{"line":100,"column":34}},"loc":{"start":{"line":104,"column":32},"end":{"line":109,"column":1}},"line":104},"14":{"name":"(anonymous_14)","decl":{"start":{"line":111,"column":37},"end":{"line":111,"column":38}},"loc":{"start":{"line":115,"column":32},"end":{"line":120,"column":1}},"line":115},"15":{"name":"(anonymous_15)","decl":{"start":{"line":122,"column":22},"end":{"line":122,"column":23}},"loc":{"start":{"line":126,"column":36},"end":{"line":146,"column":1}},"line":126},"16":{"name":"(anonymous_16)","decl":{"start":{"line":135,"column":4},"end":{"line":135,"column":5}},"loc":{"start":{"line":135,"column":14},"end":{"line":141,"column":5}},"line":135},"17":{"name":"(anonymous_17)","decl":{"start":{"line":140,"column":14},"end":{"line":140,"column":15}},"loc":{"start":{"line":140,"column":20},"end":{"line":140,"column":39}},"line":140},"18":{"name":"(anonymous_18)","decl":{"start":{"line":145,"column":10},"end":{"line":145,"column":11}},"loc":{"start":{"line":145,"column":16},"end":{"line":145,"column":29}},"line":145},"19":{"name":"(anonymous_19)","decl":{"start":{"line":148,"column":28},"end":{"line":148,"column":29}},"loc":{"start":{"line":152,"column":32},"end":{"line":157,"column":1}},"line":152},"20":{"name":"(anonymous_20)","decl":{"start":{"line":159,"column":25},"end":{"line":159,"column":26}},"loc":{"start":{"line":163,"column":36},"end":{"line":182,"column":1}},"line":163},"21":{"name":"(anonymous_21)","decl":{"start":{"line":171,"column":4},"end":{"line":171,"column":5}},"loc":{"start":{"line":171,"column":16},"end":{"line":177,"column":5}},"line":171},"22":{"name":"(anonymous_22)","decl":{"start":{"line":176,"column":14},"end":{"line":176,"column":15}},"loc":{"start":{"line":176,"column":20},"end":{"line":176,"column":39}},"line":176},"23":{"name":"(anonymous_23)","decl":{"start":{"line":181,"column":10},"end":{"line":181,"column":11}},"loc":{"start":{"line":181,"column":16},"end":{"line":181,"column":31}},"line":181},"24":{"name":"(anonymous_24)","decl":{"start":{"line":184,"column":31},"end":{"line":184,"column":32}},"loc":{"start":{"line":188,"column":32},"end":{"line":193,"column":1}},"line":188}},"branchMap":{"0":{"loc":{"start":{"line":15,"column":2},"end":{"line":15,"column":28}},"type":"default-arg","locations":[{"start":{"line":15,"column":24},"end":{"line":15,"column":28}}],"line":15},"1":{"loc":{"start":{"line":17,"column":2},"end":{"line":19,"column":3}},"type":"if","locations":[{"start":{"line":17,"column":2},"end":{"line":19,"column":3}},{"start":{"line":17,"column":2},"end":{"line":19,"column":3}}],"line":17},"2":{"loc":{"start":{"line":41,"column":2},"end":{"line":41,"column":28}},"type":"default-arg","locations":[{"start":{"line":41,"column":24},"end":{"line":41,"column":28}}],"line":41},"3":{"loc":{"start":{"line":43,"column":2},"end":{"line":45,"column":3}},"type":"if","locations":[{"start":{"line":43,"column":2},"end":{"line":45,"column":3}},{"start":{"line":43,"column":2},"end":{"line":45,"column":3}}],"line":43},"4":{"loc":{"start":{"line":52,"column":2},"end":{"line":52,"column":28}},"type":"default-arg","locations":[{"start":{"line":52,"column":24},"end":{"line":52,"column":28}}],"line":52},"5":{"loc":{"start":{"line":54,"column":2},"end":{"line":56,"column":3}},"type":"if","locations":[{"start":{"line":54,"column":2},"end":{"line":56,"column":3}},{"start":{"line":54,"column":2},"end":{"line":56,"column":3}}],"line":54},"6":{"loc":{"start":{"line":77,"column":2},"end":{"line":77,"column":28}},"type":"default-arg","locations":[{"start":{"line":77,"column":24},"end":{"line":77,"column":28}}],"line":77},"7":{"loc":{"start":{"line":79,"column":2},"end":{"line":81,"column":3}},"type":"if","locations":[{"start":{"line":79,"column":2},"end":{"line":81,"column":3}},{"start":{"line":79,"column":2},"end":{"line":81,"column":3}}],"line":79},"8":{"loc":{"start":{"line":103,"column":2},"end":{"line":103,"column":28}},"type":"default-arg","locations":[{"start":{"line":103,"column":24},"end":{"line":103,"column":28}}],"line":103},"9":{"loc":{"start":{"line":105,"column":2},"end":{"line":107,"column":3}},"type":"if","locations":[{"start":{"line":105,"column":2},"end":{"line":107,"column":3}},{"start":{"line":105,"column":2},"end":{"line":107,"column":3}}],"line":105},"10":{"loc":{"start":{"line":114,"column":2},"end":{"line":114,"column":28}},"type":"default-arg","locations":[{"start":{"line":114,"column":24},"end":{"line":114,"column":28}}],"line":114},"11":{"loc":{"start":{"line":116,"column":2},"end":{"line":118,"column":3}},"type":"if","locations":[{"start":{"line":116,"column":2},"end":{"line":118,"column":3}},{"start":{"line":116,"column":2},"end":{"line":118,"column":3}}],"line":116},"12":{"loc":{"start":{"line":125,"column":2},"end":{"line":125,"column":28}},"type":"default-arg","locations":[{"start":{"line":125,"column":24},"end":{"line":125,"column":28}}],"line":125},"13":{"loc":{"start":{"line":127,"column":2},"end":{"line":129,"column":3}},"type":"if","locations":[{"start":{"line":127,"column":2},"end":{"line":129,"column":3}},{"start":{"line":127,"column":2},"end":{"line":129,"column":3}}],"line":127},"14":{"loc":{"start":{"line":151,"column":2},"end":{"line":151,"column":28}},"type":"default-arg","locations":[{"start":{"line":151,"column":24},"end":{"line":151,"column":28}}],"line":151},"15":{"loc":{"start":{"line":153,"column":2},"end":{"line":155,"column":3}},"type":"if","locations":[{"start":{"line":153,"column":2},"end":{"line":155,"column":3}},{"start":{"line":153,"column":2},"end":{"line":155,"column":3}}],"line":153},"16":{"loc":{"start":{"line":162,"column":2},"end":{"line":162,"column":28}},"type":"default-arg","locations":[{"start":{"line":162,"column":24},"end":{"line":162,"column":28}}],"line":162},"17":{"loc":{"start":{"line":164,"column":2},"end":{"line":166,"column":3}},"type":"if","locations":[{"start":{"line":164,"column":2},"end":{"line":166,"column":3}},{"start":{"line":164,"column":2},"end":{"line":166,"column":3}}],"line":164},"18":{"loc":{"start":{"line":187,"column":2},"end":{"line":187,"column":28}},"type":"default-arg","locations":[{"start":{"line":187,"column":24},"end":{"line":187,"column":28}}],"line":187},"19":{"loc":{"start":{"line":189,"column":2},"end":{"line":191,"column":3}},"type":"if","locations":[{"start":{"line":189,"column":2},"end":{"line":191,"column":3}},{"start":{"line":189,"column":2},"end":{"line":191,"column":3}}],"line":189}},"s":{"0":1,"1":4,"2":0,"3":4,"4":4,"5":4,"6":1,"7":1,"8":1,"9":4,"10":1,"11":1,"12":0,"13":0,"14":0,"15":1,"16":4,"17":0,"18":4,"19":4,"20":4,"21":1,"22":1,"23":1,"24":4,"25":1,"26":1,"27":0,"28":0,"29":0,"30":0,"31":0,"32":0,"33":0,"34":0,"35":0,"36":0,"37":1,"38":0,"39":0,"40":0,"41":1,"42":0,"43":0,"44":0,"45":1,"46":4,"47":0,"48":4,"49":4,"50":4,"51":1,"52":1,"53":1,"54":4,"55":1,"56":1,"57":0,"58":0,"59":0,"60":1,"61":4,"62":0,"63":4,"64":4,"65":4,"66":1,"67":1,"68":1,"69":4,"70":1,"71":1,"72":0,"73":0,"74":0},"f":{"0":4,"1":1,"2":1,"3":1,"4":0,"5":4,"6":1,"7":1,"8":1,"9":0,"10":0,"11":0,"12":0,"13":0,"14":0,"15":4,"16":1,"17":1,"18":1,"19":0,"20":4,"21":1,"22":1,"23":1,"24":0},"b":{"0":[4],"1":[0,4],"2":[0],"3":[0,0],"4":[4],"5":[0,4],"6":[0],"7":[0,0],"8":[0],"9":[0,0],"10":[0],"11":[0,0],"12":[4],"13":[0,4],"14":[0],"15":[0,0],"16":[4],"17":[0,4],"18":[0],"19":[0,0]},"_coverageSchema":"1a1c01bbd47fc00a2c39e90264f33305004495a9","hash":"a0aa0777c158b9f1d4270971029d43c8ddfbff6b"}
,"/Users/bakhromachilov/Documents/uzkassa/request-js/src/core/index.ts": {"path":"/Users/bakhromachilov/Documents/uzkassa/request-js/src/core/index.ts","statementMap":{},"fnMap":{},"branchMap":{},"s":{},"f":{},"b":{},"_coverageSchema":"1a1c01bbd47fc00a2c39e90264f33305004495a9","hash":"902411d257016d2e978cfe5d12978be0935957ec"}
,"/Users/bakhromachilov/Documents/uzkassa/request-js/src/core/utils/index.ts": {"path":"/Users/bakhromachilov/Documents/uzkassa/request-js/src/core/utils/index.ts","statementMap":{"0":{"start":{"line":4,"column":2},"end":{"line":4,"column":23}},"1":{"start":{"line":8,"column":2},"end":{"line":8,"column":32}}},"fnMap":{"0":{"name":"toObservable","decl":{"start":{"line":3,"column":16},"end":{"line":3,"column":28}},"loc":{"start":{"line":3,"column":68},"end":{"line":5,"column":1}},"line":3},"1":{"name":"toPromise","decl":{"start":{"line":7,"column":16},"end":{"line":7,"column":25}},"loc":{"start":{"line":7,"column":68},"end":{"line":9,"column":1}},"line":7}},"branchMap":{},"s":{"0":0,"1":0},"f":{"0":0,"1":0},"b":{},"_coverageSchema":"1a1c01bbd47fc00a2c39e90264f33305004495a9","hash":"b84829560be7574e1fe28b105ce43dfd22c5d31e"}
,"/Users/bakhromachilov/Documents/uzkassa/request-js/src/core/utils/parseUtils.ts": {"path":"/Users/bakhromachilov/Documents/uzkassa/request-js/src/core/utils/parseUtils.ts","statementMap":{"0":{"start":{"line":3,"column":31},"end":{"line":7,"column":1}},"1":{"start":{"line":4,"column":13},"end":{"line":4,"column":25}},"2":{"start":{"line":6,"column":13},"end":{"line":6,"column":18}}},"fnMap":{"0":{"name":"(anonymous_0)","decl":{"start":{"line":4,"column":2},"end":{"line":4,"column":3}},"loc":{"start":{"line":4,"column":13},"end":{"line":4,"column":25}},"line":4},"1":{"name":"(anonymous_1)","decl":{"start":{"line":6,"column":2},"end":{"line":6,"column":3}},"loc":{"start":{"line":6,"column":13},"end":{"line":6,"column":18}},"line":6}},"branchMap":{},"s":{"0":1,"1":1,"2":0},"f":{"0":1,"1":0},"b":{},"_coverageSchema":"1a1c01bbd47fc00a2c39e90264f33305004495a9","hash":"d44b87412a62c0e888b8b2e886b7da83cea1cd81"}
}
