{"/Users/bakhromachilov/Documents/uzkassa/request-js/src/core/ApiProvider.tsx": {"path":"/Users/bakhromachilov/Documents/uzkassa/request-js/src/core/ApiProvider.tsx","statementMap":{"0":{"start":{"line":8,"column":57},"end":{"line":13,"column":1}},"1":{"start":{"line":9,"column":4},"end":{"line":11,"column":5}},"2":{"start":{"line":10,"column":8},"end":{"line":10,"column":80}},"3":{"start":{"line":12,"column":4},"end":{"line":12,"column":34}}},"fnMap":{"0":{"name":"(anonymous_0)","decl":{"start":{"line":8,"column":57},"end":{"line":8,"column":58}},"loc":{"start":{"line":8,"column":68},"end":{"line":13,"column":1}},"line":8}},"branchMap":{"0":{"loc":{"start":{"line":9,"column":4},"end":{"line":11,"column":5}},"type":"if","locations":[{"start":{"line":9,"column":4},"end":{"line":11,"column":5}},{"start":{"line":9,"column":4},"end":{"line":11,"column":5}}],"line":9}},"s":{"0":1,"1":1,"2":1,"3":1},"f":{"0":1},"b":{"0":[1,0]},"_coverageSchema":"1a1c01bbd47fc00a2c39e90264f33305004495a9","hash":"d3360a2eb48f2b1089b63350b4f251d016172aa2"}
,"/Users/bakhromachilov/Documents/uzkassa/request-js/src/core/Request.ts": {"path":"/Users/bakhromachilov/Documents/uzkassa/request-js/src/core/Request.ts","statementMap":{"0":{"start":{"line":28,"column":8},"end":{"line":28,"column":45}},"1":{"start":{"line":32,"column":8},"end":{"line":35,"column":29}},"2":{"start":{"line":39,"column":8},"end":{"line":39,"column":83}},"3":{"start":{"line":43,"column":8},"end":{"line":43,"column":77}},"4":{"start":{"line":47,"column":8},"end":{"line":49,"column":11}},"5":{"start":{"line":53,"column":8},"end":{"line":53,"column":63}},"6":{"start":{"line":57,"column":8},"end":{"line":69,"column":9}},"7":{"start":{"line":58,"column":29},"end":{"line":58,"column":43}},"8":{"start":{"line":59,"column":12},"end":{"line":61,"column":13}},"9":{"start":{"line":60,"column":16},"end":{"line":60,"column":66}},"10":{"start":{"line":62,"column":12},"end":{"line":64,"column":15}},"11":{"start":{"line":66,"column":12},"end":{"line":68,"column":15}},"12":{"start":{"line":73,"column":8},"end":{"line":73,"column":67}},"13":{"start":{"line":77,"column":8},"end":{"line":77,"column":76}},"14":{"start":{"line":81,"column":8},"end":{"line":81,"column":58}},"15":{"start":{"line":85,"column":8},"end":{"line":85,"column":82}},"16":{"start":{"line":89,"column":8},"end":{"line":89,"column":63}},"17":{"start":{"line":93,"column":8},"end":{"line":93,"column":29}},"18":{"start":{"line":100,"column":8},"end":{"line":100,"column":34}}},"fnMap":{"0":{"name":"(anonymous_0)","decl":{"start":{"line":27,"column":4},"end":{"line":27,"column":5}},"loc":{"start":{"line":27,"column":44},"end":{"line":29,"column":5}},"line":27},"1":{"name":"(anonymous_1)","decl":{"start":{"line":31,"column":4},"end":{"line":31,"column":5}},"loc":{"start":{"line":31,"column":112},"end":{"line":36,"column":5}},"line":31},"2":{"name":"(anonymous_2)","decl":{"start":{"line":38,"column":4},"end":{"line":38,"column":5}},"loc":{"start":{"line":38,"column":118},"end":{"line":40,"column":5}},"line":38},"3":{"name":"(anonymous_3)","decl":{"start":{"line":42,"column":4},"end":{"line":42,"column":5}},"loc":{"start":{"line":42,"column":115},"end":{"line":44,"column":5}},"line":42},"4":{"name":"(anonymous_4)","decl":{"start":{"line":46,"column":4},"end":{"line":46,"column":5}},"loc":{"start":{"line":46,"column":111},"end":{"line":50,"column":5}},"line":46},"5":{"name":"(anonymous_5)","decl":{"start":{"line":52,"column":4},"end":{"line":52,"column":5}},"loc":{"start":{"line":52,"column":120},"end":{"line":54,"column":5}},"line":52},"6":{"name":"(anonymous_6)","decl":{"start":{"line":56,"column":4},"end":{"line":56,"column":5}},"loc":{"start":{"line":56,"column":115},"end":{"line":70,"column":5}},"line":56},"7":{"name":"(anonymous_7)","decl":{"start":{"line":72,"column":4},"end":{"line":72,"column":5}},"loc":{"start":{"line":72,"column":124},"end":{"line":74,"column":5}},"line":72},"8":{"name":"(anonymous_8)","decl":{"start":{"line":76,"column":4},"end":{"line":76,"column":5}},"loc":{"start":{"line":76,"column":106},"end":{"line":78,"column":5}},"line":76},"9":{"name":"(anonymous_9)","decl":{"start":{"line":80,"column":4},"end":{"line":80,"column":5}},"loc":{"start":{"line":80,"column":115},"end":{"line":82,"column":5}},"line":80},"10":{"name":"(anonymous_10)","decl":{"start":{"line":84,"column":4},"end":{"line":84,"column":5}},"loc":{"start":{"line":84,"column":115},"end":{"line":86,"column":5}},"line":84},"11":{"name":"(anonymous_11)","decl":{"start":{"line":88,"column":4},"end":{"line":88,"column":5}},"loc":{"start":{"line":88,"column":124},"end":{"line":90,"column":5}},"line":88},"12":{"name":"(anonymous_12)","decl":{"start":{"line":92,"column":4},"end":{"line":92,"column":5}},"loc":{"start":{"line":92,"column":33},"end":{"line":94,"column":5}},"line":92},"13":{"name":"(anonymous_13)","decl":{"start":{"line":99,"column":4},"end":{"line":99,"column":5}},"loc":{"start":{"line":99,"column":64},"end":{"line":101,"column":5}},"line":99}},"branchMap":{"0":{"loc":{"start":{"line":31,"column":60},"end":{"line":31,"column":86}},"type":"default-arg","locations":[{"start":{"line":31,"column":82},"end":{"line":31,"column":86}}],"line":31},"1":{"loc":{"start":{"line":38,"column":63},"end":{"line":38,"column":89}},"type":"default-arg","locations":[{"start":{"line":38,"column":85},"end":{"line":38,"column":89}}],"line":38},"2":{"loc":{"start":{"line":42,"column":63},"end":{"line":42,"column":89}},"type":"default-arg","locations":[{"start":{"line":42,"column":85},"end":{"line":42,"column":89}}],"line":42},"3":{"loc":{"start":{"line":46,"column":59},"end":{"line":46,"column":85}},"type":"default-arg","locations":[{"start":{"line":46,"column":81},"end":{"line":46,"column":85}}],"line":46},"4":{"loc":{"start":{"line":52,"column":65},"end":{"line":52,"column":91}},"type":"default-arg","locations":[{"start":{"line":52,"column":87},"end":{"line":52,"column":91}}],"line":52},"5":{"loc":{"start":{"line":56,"column":63},"end":{"line":56,"column":89}},"type":"default-arg","locations":[{"start":{"line":56,"column":85},"end":{"line":56,"column":89}}],"line":56},"6":{"loc":{"start":{"line":57,"column":8},"end":{"line":69,"column":9}},"type":"if","locations":[{"start":{"line":57,"column":8},"end":{"line":69,"column":9}},{"start":{"line":57,"column":8},"end":{"line":69,"column":9}}],"line":57},"7":{"loc":{"start":{"line":72,"column":69},"end":{"line":72,"column":95}},"type":"default-arg","locations":[{"start":{"line":72,"column":91},"end":{"line":72,"column":95}}],"line":72},"8":{"loc":{"start":{"line":76,"column":54},"end":{"line":76,"column":80}},"type":"default-arg","locations":[{"start":{"line":76,"column":76},"end":{"line":76,"column":80}}],"line":76},"9":{"loc":{"start":{"line":80,"column":60},"end":{"line":80,"column":86}},"type":"default-arg","locations":[{"start":{"line":80,"column":82},"end":{"line":80,"column":86}}],"line":80},"10":{"loc":{"start":{"line":84,"column":63},"end":{"line":84,"column":89}},"type":"default-arg","locations":[{"start":{"line":84,"column":85},"end":{"line":84,"column":89}}],"line":84},"11":{"loc":{"start":{"line":88,"column":69},"end":{"line":88,"column":95}},"type":"default-arg","locations":[{"start":{"line":88,"column":91},"end":{"line":88,"column":95}}],"line":88}},"s":{"0":1,"1":1,"2":0,"3":1,"4":1,"5":0,"6":0,"7":0,"8":0,"9":0,"10":0,"11":0,"12":0,"13":1,"14":0,"15":1,"16":0,"17":0,"18":1},"f":{"0":1,"1":1,"2":0,"3":1,"4":1,"5":0,"6":0,"7":0,"8":1,"9":0,"10":1,"11":0,"12":0,"13":1},"b":{"0":[0],"1":[0],"2":[0],"3":[0],"4":[0],"5":[0],"6":[0,0],"7":[0],"8":[0],"9":[0],"10":[0],"11":[0]},"_coverageSchema":"1a1c01bbd47fc00a2c39e90264f33305004495a9","hash":"f017e3c987029ff9b5620f18d40dc57ffff24ada"}
,"/Users/bakhromachilov/Documents/uzkassa/request-js/src/core/hooks.ts": {"path":"/Users/bakhromachilov/Documents/uzkassa/request-js/src/core/hooks.ts","statementMap":{"0":{"start":{"line":8,"column":22},"end":{"line":27,"column":1}},"1":{"start":{"line":10,"column":4},"end":{"line":12,"column":5}},"2":{"start":{"line":11,"column":8},"end":{"line":11,"column":51}},"3":{"start":{"line":14,"column":38},"end":{"line":14,"column":62}},"4":{"start":{"line":15,"column":36},"end":{"line":15,"column":61}},"5":{"start":{"line":17,"column":20},"end":{"line":24,"column":16}},"6":{"start":{"line":18,"column":8},"end":{"line":18,"column":26}},"7":{"start":{"line":19,"column":8},"end":{"line":22,"column":45}},"8":{"start":{"line":22,"column":24},"end":{"line":22,"column":43}},"9":{"start":{"line":26,"column":4},"end":{"line":26,"column":56}},"10":{"start":{"line":26,"column":18},"end":{"line":26,"column":33}},"11":{"start":{"line":29,"column":28},"end":{"line":34,"column":1}},"12":{"start":{"line":30,"column":4},"end":{"line":32,"column":5}},"13":{"start":{"line":31,"column":8},"end":{"line":31,"column":51}},"14":{"start":{"line":33,"column":4},"end":{"line":33,"column":57}},"15":{"start":{"line":36,"column":27},"end":{"line":52,"column":1}},"16":{"start":{"line":37,"column":4},"end":{"line":39,"column":5}},"17":{"start":{"line":38,"column":8},"end":{"line":38,"column":51}},"18":{"start":{"line":40,"column":38},"end":{"line":40,"column":62}},"19":{"start":{"line":41,"column":36},"end":{"line":41,"column":61}},"20":{"start":{"line":43,"column":20},"end":{"line":49,"column":14}},"21":{"start":{"line":44,"column":8},"end":{"line":44,"column":26}},"22":{"start":{"line":45,"column":8},"end":{"line":48,"column":45}},"23":{"start":{"line":48,"column":24},"end":{"line":48,"column":43}},"24":{"start":{"line":51,"column":4},"end":{"line":51,"column":54}},"25":{"start":{"line":51,"column":18},"end":{"line":51,"column":31}},"26":{"start":{"line":55,"column":31},"end":{"line":72,"column":1}},"27":{"start":{"line":56,"column":4},"end":{"line":58,"column":5}},"28":{"start":{"line":57,"column":8},"end":{"line":57,"column":51}},"29":{"start":{"line":60,"column":38},"end":{"line":60,"column":62}},"30":{"start":{"line":61,"column":36},"end":{"line":61,"column":61}},"31":{"start":{"line":63,"column":20},"end":{"line":69,"column":14}},"32":{"start":{"line":64,"column":8},"end":{"line":64,"column":26}},"33":{"start":{"line":65,"column":8},"end":{"line":68,"column":45}},"34":{"start":{"line":68,"column":24},"end":{"line":68,"column":43}},"35":{"start":{"line":71,"column":4},"end":{"line":71,"column":54}},"36":{"start":{"line":71,"column":18},"end":{"line":71,"column":31}},"37":{"start":{"line":74,"column":33},"end":{"line":79,"column":1}},"38":{"start":{"line":75,"column":4},"end":{"line":77,"column":5}},"39":{"start":{"line":76,"column":8},"end":{"line":76,"column":51}},"40":{"start":{"line":78,"column":4},"end":{"line":78,"column":60}},"41":{"start":{"line":81,"column":37},"end":{"line":86,"column":1}},"42":{"start":{"line":82,"column":4},"end":{"line":84,"column":5}},"43":{"start":{"line":83,"column":8},"end":{"line":83,"column":51}},"44":{"start":{"line":85,"column":4},"end":{"line":85,"column":63}},"45":{"start":{"line":88,"column":22},"end":{"line":105,"column":1}},"46":{"start":{"line":89,"column":4},"end":{"line":91,"column":5}},"47":{"start":{"line":90,"column":8},"end":{"line":90,"column":51}},"48":{"start":{"line":93,"column":38},"end":{"line":93,"column":62}},"49":{"start":{"line":94,"column":36},"end":{"line":94,"column":61}},"50":{"start":{"line":96,"column":20},"end":{"line":102,"column":14}},"51":{"start":{"line":97,"column":8},"end":{"line":97,"column":26}},"52":{"start":{"line":98,"column":8},"end":{"line":101,"column":45}},"53":{"start":{"line":101,"column":24},"end":{"line":101,"column":43}},"54":{"start":{"line":104,"column":4},"end":{"line":104,"column":54}},"55":{"start":{"line":104,"column":18},"end":{"line":104,"column":31}},"56":{"start":{"line":107,"column":28},"end":{"line":112,"column":1}},"57":{"start":{"line":108,"column":4},"end":{"line":110,"column":5}},"58":{"start":{"line":109,"column":8},"end":{"line":109,"column":51}},"59":{"start":{"line":111,"column":4},"end":{"line":111,"column":55}},"60":{"start":{"line":114,"column":25},"end":{"line":130,"column":1}},"61":{"start":{"line":115,"column":4},"end":{"line":117,"column":5}},"62":{"start":{"line":116,"column":8},"end":{"line":116,"column":51}},"63":{"start":{"line":118,"column":38},"end":{"line":118,"column":62}},"64":{"start":{"line":119,"column":36},"end":{"line":119,"column":61}},"65":{"start":{"line":121,"column":20},"end":{"line":127,"column":16}},"66":{"start":{"line":122,"column":8},"end":{"line":122,"column":26}},"67":{"start":{"line":123,"column":8},"end":{"line":126,"column":45}},"68":{"start":{"line":126,"column":24},"end":{"line":126,"column":43}},"69":{"start":{"line":129,"column":4},"end":{"line":129,"column":56}},"70":{"start":{"line":129,"column":18},"end":{"line":129,"column":33}},"71":{"start":{"line":132,"column":31},"end":{"line":137,"column":1}},"72":{"start":{"line":133,"column":4},"end":{"line":135,"column":5}},"73":{"start":{"line":134,"column":8},"end":{"line":134,"column":51}},"74":{"start":{"line":136,"column":4},"end":{"line":136,"column":60}}},"fnMap":{"0":{"name":"(anonymous_0)","decl":{"start":{"line":8,"column":22},"end":{"line":8,"column":23}},"loc":{"start":{"line":8,"column":137},"end":{"line":27,"column":1}},"line":8},"1":{"name":"(anonymous_1)","decl":{"start":{"line":17,"column":58},"end":{"line":17,"column":59}},"loc":{"start":{"line":17,"column":70},"end":{"line":24,"column":5}},"line":17},"2":{"name":"(anonymous_2)","decl":{"start":{"line":22,"column":18},"end":{"line":22,"column":19}},"loc":{"start":{"line":22,"column":24},"end":{"line":22,"column":43}},"line":22},"3":{"name":"(anonymous_3)","decl":{"start":{"line":26,"column":12},"end":{"line":26,"column":13}},"loc":{"start":{"line":26,"column":18},"end":{"line":26,"column":33}},"line":26},"4":{"name":"(anonymous_4)","decl":{"start":{"line":29,"column":28},"end":{"line":29,"column":29}},"loc":{"start":{"line":29,"column":139},"end":{"line":34,"column":1}},"line":29},"5":{"name":"(anonymous_5)","decl":{"start":{"line":36,"column":27},"end":{"line":36,"column":28}},"loc":{"start":{"line":36,"column":136},"end":{"line":52,"column":1}},"line":36},"6":{"name":"(anonymous_6)","decl":{"start":{"line":43,"column":54},"end":{"line":43,"column":55}},"loc":{"start":{"line":43,"column":64},"end":{"line":49,"column":5}},"line":43},"7":{"name":"(anonymous_7)","decl":{"start":{"line":48,"column":18},"end":{"line":48,"column":19}},"loc":{"start":{"line":48,"column":24},"end":{"line":48,"column":43}},"line":48},"8":{"name":"(anonymous_8)","decl":{"start":{"line":51,"column":12},"end":{"line":51,"column":13}},"loc":{"start":{"line":51,"column":18},"end":{"line":51,"column":31}},"line":51},"9":{"name":"(anonymous_9)","decl":{"start":{"line":55,"column":31},"end":{"line":55,"column":32}},"loc":{"start":{"line":55,"column":140},"end":{"line":72,"column":1}},"line":55},"10":{"name":"(anonymous_10)","decl":{"start":{"line":63,"column":54},"end":{"line":63,"column":55}},"loc":{"start":{"line":63,"column":64},"end":{"line":69,"column":5}},"line":63},"11":{"name":"(anonymous_11)","decl":{"start":{"line":68,"column":18},"end":{"line":68,"column":19}},"loc":{"start":{"line":68,"column":24},"end":{"line":68,"column":43}},"line":68},"12":{"name":"(anonymous_12)","decl":{"start":{"line":71,"column":12},"end":{"line":71,"column":13}},"loc":{"start":{"line":71,"column":18},"end":{"line":71,"column":31}},"line":71},"13":{"name":"(anonymous_13)","decl":{"start":{"line":74,"column":33},"end":{"line":74,"column":34}},"loc":{"start":{"line":74,"column":138},"end":{"line":79,"column":1}},"line":74},"14":{"name":"(anonymous_14)","decl":{"start":{"line":81,"column":37},"end":{"line":81,"column":38}},"loc":{"start":{"line":81,"column":142},"end":{"line":86,"column":1}},"line":81},"15":{"name":"(anonymous_15)","decl":{"start":{"line":88,"column":22},"end":{"line":88,"column":23}},"loc":{"start":{"line":88,"column":131},"end":{"line":105,"column":1}},"line":88},"16":{"name":"(anonymous_16)","decl":{"start":{"line":96,"column":54},"end":{"line":96,"column":55}},"loc":{"start":{"line":96,"column":64},"end":{"line":102,"column":5}},"line":96},"17":{"name":"(anonymous_17)","decl":{"start":{"line":101,"column":18},"end":{"line":101,"column":19}},"loc":{"start":{"line":101,"column":24},"end":{"line":101,"column":43}},"line":101},"18":{"name":"(anonymous_18)","decl":{"start":{"line":104,"column":12},"end":{"line":104,"column":13}},"loc":{"start":{"line":104,"column":18},"end":{"line":104,"column":31}},"line":104},"19":{"name":"(anonymous_19)","decl":{"start":{"line":107,"column":28},"end":{"line":107,"column":29}},"loc":{"start":{"line":107,"column":133},"end":{"line":112,"column":1}},"line":107},"20":{"name":"(anonymous_20)","decl":{"start":{"line":114,"column":25},"end":{"line":114,"column":26}},"loc":{"start":{"line":114,"column":140},"end":{"line":130,"column":1}},"line":114},"21":{"name":"(anonymous_21)","decl":{"start":{"line":121,"column":58},"end":{"line":121,"column":59}},"loc":{"start":{"line":121,"column":70},"end":{"line":127,"column":5}},"line":121},"22":{"name":"(anonymous_22)","decl":{"start":{"line":126,"column":18},"end":{"line":126,"column":19}},"loc":{"start":{"line":126,"column":24},"end":{"line":126,"column":43}},"line":126},"23":{"name":"(anonymous_23)","decl":{"start":{"line":129,"column":12},"end":{"line":129,"column":13}},"loc":{"start":{"line":129,"column":18},"end":{"line":129,"column":33}},"line":129},"24":{"name":"(anonymous_24)","decl":{"start":{"line":132,"column":31},"end":{"line":132,"column":32}},"loc":{"start":{"line":132,"column":142},"end":{"line":137,"column":1}},"line":132}},"branchMap":{"0":{"loc":{"start":{"line":8,"column":75},"end":{"line":8,"column":101}},"type":"default-arg","locations":[{"start":{"line":8,"column":97},"end":{"line":8,"column":101}}],"line":8},"1":{"loc":{"start":{"line":10,"column":4},"end":{"line":12,"column":5}},"type":"if","locations":[{"start":{"line":10,"column":4},"end":{"line":12,"column":5}},{"start":{"line":10,"column":4},"end":{"line":12,"column":5}}],"line":10},"2":{"loc":{"start":{"line":29,"column":81},"end":{"line":29,"column":107}},"type":"default-arg","locations":[{"start":{"line":29,"column":103},"end":{"line":29,"column":107}}],"line":29},"3":{"loc":{"start":{"line":30,"column":4},"end":{"line":32,"column":5}},"type":"if","locations":[{"start":{"line":30,"column":4},"end":{"line":32,"column":5}},{"start":{"line":30,"column":4},"end":{"line":32,"column":5}}],"line":30},"4":{"loc":{"start":{"line":36,"column":74},"end":{"line":36,"column":100}},"type":"default-arg","locations":[{"start":{"line":36,"column":96},"end":{"line":36,"column":100}}],"line":36},"5":{"loc":{"start":{"line":37,"column":4},"end":{"line":39,"column":5}},"type":"if","locations":[{"start":{"line":37,"column":4},"end":{"line":39,"column":5}},{"start":{"line":37,"column":4},"end":{"line":39,"column":5}}],"line":37},"6":{"loc":{"start":{"line":55,"column":78},"end":{"line":55,"column":104}},"type":"default-arg","locations":[{"start":{"line":55,"column":100},"end":{"line":55,"column":104}}],"line":55},"7":{"loc":{"start":{"line":56,"column":4},"end":{"line":58,"column":5}},"type":"if","locations":[{"start":{"line":56,"column":4},"end":{"line":58,"column":5}},{"start":{"line":56,"column":4},"end":{"line":58,"column":5}}],"line":56},"8":{"loc":{"start":{"line":74,"column":80},"end":{"line":74,"column":106}},"type":"default-arg","locations":[{"start":{"line":74,"column":102},"end":{"line":74,"column":106}}],"line":74},"9":{"loc":{"start":{"line":75,"column":4},"end":{"line":77,"column":5}},"type":"if","locations":[{"start":{"line":75,"column":4},"end":{"line":77,"column":5}},{"start":{"line":75,"column":4},"end":{"line":77,"column":5}}],"line":75},"10":{"loc":{"start":{"line":81,"column":84},"end":{"line":81,"column":110}},"type":"default-arg","locations":[{"start":{"line":81,"column":106},"end":{"line":81,"column":110}}],"line":81},"11":{"loc":{"start":{"line":82,"column":4},"end":{"line":84,"column":5}},"type":"if","locations":[{"start":{"line":82,"column":4},"end":{"line":84,"column":5}},{"start":{"line":82,"column":4},"end":{"line":84,"column":5}}],"line":82},"12":{"loc":{"start":{"line":88,"column":69},"end":{"line":88,"column":95}},"type":"default-arg","locations":[{"start":{"line":88,"column":91},"end":{"line":88,"column":95}}],"line":88},"13":{"loc":{"start":{"line":89,"column":4},"end":{"line":91,"column":5}},"type":"if","locations":[{"start":{"line":89,"column":4},"end":{"line":91,"column":5}},{"start":{"line":89,"column":4},"end":{"line":91,"column":5}}],"line":89},"14":{"loc":{"start":{"line":107,"column":75},"end":{"line":107,"column":101}},"type":"default-arg","locations":[{"start":{"line":107,"column":97},"end":{"line":107,"column":101}}],"line":107},"15":{"loc":{"start":{"line":108,"column":4},"end":{"line":110,"column":5}},"type":"if","locations":[{"start":{"line":108,"column":4},"end":{"line":110,"column":5}},{"start":{"line":108,"column":4},"end":{"line":110,"column":5}}],"line":108},"16":{"loc":{"start":{"line":114,"column":78},"end":{"line":114,"column":104}},"type":"default-arg","locations":[{"start":{"line":114,"column":100},"end":{"line":114,"column":104}}],"line":114},"17":{"loc":{"start":{"line":115,"column":4},"end":{"line":117,"column":5}},"type":"if","locations":[{"start":{"line":115,"column":4},"end":{"line":117,"column":5}},{"start":{"line":115,"column":4},"end":{"line":117,"column":5}}],"line":115},"18":{"loc":{"start":{"line":132,"column":84},"end":{"line":132,"column":110}},"type":"default-arg","locations":[{"start":{"line":132,"column":106},"end":{"line":132,"column":110}}],"line":132},"19":{"loc":{"start":{"line":133,"column":4},"end":{"line":135,"column":5}},"type":"if","locations":[{"start":{"line":133,"column":4},"end":{"line":135,"column":5}},{"start":{"line":133,"column":4},"end":{"line":135,"column":5}}],"line":133}},"s":{"0":1,"1":4,"2":0,"3":4,"4":4,"5":4,"6":1,"7":1,"8":1,"9":4,"10":1,"11":1,"12":0,"13":0,"14":0,"15":1,"16":4,"17":0,"18":4,"19":4,"20":4,"21":1,"22":1,"23":1,"24":4,"25":1,"26":1,"27":0,"28":0,"29":0,"30":0,"31":0,"32":0,"33":0,"34":0,"35":0,"36":0,"37":1,"38":0,"39":0,"40":0,"41":1,"42":0,"43":0,"44":0,"45":1,"46":4,"47":0,"48":4,"49":4,"50":4,"51":1,"52":1,"53":1,"54":4,"55":1,"56":1,"57":0,"58":0,"59":0,"60":1,"61":4,"62":0,"63":4,"64":4,"65":4,"66":1,"67":1,"68":1,"69":4,"70":1,"71":1,"72":0,"73":0,"74":0},"f":{"0":4,"1":1,"2":1,"3":1,"4":0,"5":4,"6":1,"7":1,"8":1,"9":0,"10":0,"11":0,"12":0,"13":0,"14":0,"15":4,"16":1,"17":1,"18":1,"19":0,"20":4,"21":1,"22":1,"23":1,"24":0},"b":{"0":[4],"1":[0,4],"2":[0],"3":[0,0],"4":[4],"5":[0,4],"6":[0],"7":[0,0],"8":[0],"9":[0,0],"10":[0],"11":[0,0],"12":[4],"13":[0,4],"14":[0],"15":[0,0],"16":[4],"17":[0,4],"18":[0],"19":[0,0]},"_coverageSchema":"1a1c01bbd47fc00a2c39e90264f33305004495a9","hash":"daa56051c64a7d852662b57716e5c66237d5f445"}
,"/Users/bakhromachilov/Documents/uzkassa/request-js/src/core/index.ts": {"path":"/Users/bakhromachilov/Documents/uzkassa/request-js/src/core/index.ts","statementMap":{},"fnMap":{},"branchMap":{},"s":{},"f":{},"b":{},"_coverageSchema":"1a1c01bbd47fc00a2c39e90264f33305004495a9","hash":"902411d257016d2e978cfe5d12978be0935957ec"}
,"/Users/bakhromachilov/Documents/uzkassa/request-js/src/core/utils/index.ts": {"path":"/Users/bakhromachilov/Documents/uzkassa/request-js/src/core/utils/index.ts","statementMap":{"0":{"start":{"line":4,"column":4},"end":{"line":4,"column":24}},"1":{"start":{"line":8,"column":4},"end":{"line":8,"column":33}}},"fnMap":{"0":{"name":"toObservable","decl":{"start":{"line":3,"column":16},"end":{"line":3,"column":28}},"loc":{"start":{"line":3,"column":68},"end":{"line":5,"column":1}},"line":3},"1":{"name":"toPromise","decl":{"start":{"line":7,"column":16},"end":{"line":7,"column":25}},"loc":{"start":{"line":7,"column":68},"end":{"line":9,"column":1}},"line":7}},"branchMap":{},"s":{"0":0,"1":0},"f":{"0":0,"1":0},"b":{},"_coverageSchema":"1a1c01bbd47fc00a2c39e90264f33305004495a9","hash":"9df49cf20c09502ff38234d0347246ec3daa94c0"}
,"/Users/bakhromachilov/Documents/uzkassa/request-js/src/core/utils/parseUtils.ts": {"path":"/Users/bakhromachilov/Documents/uzkassa/request-js/src/core/utils/parseUtils.ts","statementMap":{"0":{"start":{"line":3,"column":32},"end":{"line":7,"column":1}},"1":{"start":{"line":4,"column":15},"end":{"line":4,"column":27}},"2":{"start":{"line":6,"column":15},"end":{"line":6,"column":20}}},"fnMap":{"0":{"name":"(anonymous_0)","decl":{"start":{"line":4,"column":4},"end":{"line":4,"column":5}},"loc":{"start":{"line":4,"column":15},"end":{"line":4,"column":27}},"line":4},"1":{"name":"(anonymous_1)","decl":{"start":{"line":6,"column":4},"end":{"line":6,"column":5}},"loc":{"start":{"line":6,"column":15},"end":{"line":6,"column":20}},"line":6}},"branchMap":{},"s":{"0":1,"1":1,"2":0},"f":{"0":1,"1":0},"b":{},"_coverageSchema":"1a1c01bbd47fc00a2c39e90264f33305004495a9","hash":"82d3a13b4dc9e2a8ad3dd56bc76b90faaea61a0a"}
}
