TN:
SF:src/core/ApiProvider.tsx
FN:8,(anonymous_0)
FNF:1
FNH:1
FNDA:1,(anonymous_0)
DA:8,1
DA:9,1
DA:10,1
DA:12,1
LF:4
LH:4
BRDA:9,0,0,1
BRDA:9,0,1,0
BRF:2
BRH:1
end_of_record
TN:
SF:src/core/Request.ts
FN:62,(anonymous_0)
FN:66,(anonymous_1)
FN:79,(anonymous_2)
FN:87,(anonymous_3)
FN:95,(anonymous_4)
FN:108,(anonymous_5)
FN:116,(anonymous_6)
FN:142,(anonymous_7)
FN:150,(anonymous_8)
FN:158,(anonymous_9)
FN:166,(anonymous_10)
FN:174,(anonymous_11)
FN:182,(anonymous_12)
FN:188,(anonymous_13)
FNF:14
FNH:7
FNDA:1,(anonymous_0)
FNDA:1,(anonymous_1)
FNDA:0,(anonymous_2)
FNDA:1,(anonymous_3)
FNDA:1,(anonymous_4)
FNDA:0,(anonymous_5)
FNDA:0,(anonymous_6)
FNDA:0,(anonymous_7)
FNDA:1,(anonymous_8)
FNDA:0,(anonymous_9)
FNDA:1,(anonymous_10)
FNDA:0,(anonymous_11)
FNDA:0,(anonymous_12)
FNDA:1,(anonymous_13)
DA:63,1
DA:71,1
DA:84,0
DA:92,1
DA:100,1
DA:113,0
DA:121,0
DA:122,0
DA:123,0
DA:124,0
DA:126,0
DA:133,0
DA:147,0
DA:155,1
DA:163,0
DA:171,1
DA:179,0
DA:183,0
DA:189,1
LF:19
LH:7
BRDA:69,0,0,0
BRDA:82,1,0,0
BRDA:90,2,0,0
BRDA:98,3,0,0
BRDA:111,4,0,0
BRDA:119,5,0,0
BRDA:121,6,0,0
BRDA:121,6,1,0
BRDA:145,7,0,0
BRDA:153,8,0,0
BRDA:161,9,0,0
BRDA:169,10,0,0
BRDA:177,11,0,0
BRF:13
BRH:0
end_of_record
TN:
SF:src/core/hooks.ts
FN:12,(anonymous_0)
FN:25,(anonymous_1)
FN:30,(anonymous_2)
FN:35,(anonymous_3)
FN:38,(anonymous_4)
FN:49,(anonymous_5)
FN:61,(anonymous_6)
FN:66,(anonymous_7)
FN:71,(anonymous_8)
FN:74,(anonymous_9)
FN:87,(anonymous_10)
FN:92,(anonymous_11)
FN:97,(anonymous_12)
FN:100,(anonymous_13)
FN:111,(anonymous_14)
FN:122,(anonymous_15)
FN:135,(anonymous_16)
FN:140,(anonymous_17)
FN:145,(anonymous_18)
FN:148,(anonymous_19)
FN:159,(anonymous_20)
FN:171,(anonymous_21)
FN:176,(anonymous_22)
FN:181,(anonymous_23)
FN:184,(anonymous_24)
FNF:25
FNH:16
FNDA:4,(anonymous_0)
FNDA:1,(anonymous_1)
FNDA:1,(anonymous_2)
FNDA:1,(anonymous_3)
FNDA:0,(anonymous_4)
FNDA:4,(anonymous_5)
FNDA:1,(anonymous_6)
FNDA:1,(anonymous_7)
FNDA:1,(anonymous_8)
FNDA:0,(anonymous_9)
FNDA:0,(anonymous_10)
FNDA:0,(anonymous_11)
FNDA:0,(anonymous_12)
FNDA:0,(anonymous_13)
FNDA:0,(anonymous_14)
FNDA:4,(anonymous_15)
FNDA:1,(anonymous_16)
FNDA:1,(anonymous_17)
FNDA:1,(anonymous_18)
FNDA:0,(anonymous_19)
FNDA:4,(anonymous_20)
FNDA:1,(anonymous_21)
FNDA:1,(anonymous_22)
FNDA:1,(anonymous_23)
FNDA:0,(anonymous_24)
DA:12,1
DA:17,4
DA:18,0
DA:21,4
DA:22,4
DA:24,4
DA:26,1
DA:27,1
DA:30,1
DA:35,4
DA:38,1
DA:43,0
DA:44,0
DA:46,0
DA:49,1
DA:54,4
DA:55,0
DA:57,4
DA:58,4
DA:60,4
DA:62,1
DA:63,1
DA:66,1
DA:71,4
DA:74,1
DA:79,0
DA:80,0
DA:83,0
DA:84,0
DA:86,0
DA:88,0
DA:89,0
DA:92,0
DA:97,0
DA:100,1
DA:105,0
DA:106,0
DA:108,0
DA:111,1
DA:116,0
DA:117,0
DA:119,0
DA:122,1
DA:127,4
DA:128,0
DA:131,4
DA:132,4
DA:134,4
DA:136,1
DA:137,1
DA:140,1
DA:145,4
DA:148,1
DA:153,0
DA:154,0
DA:156,0
DA:159,1
DA:164,4
DA:165,0
DA:167,4
DA:168,4
DA:170,4
DA:172,1
DA:173,1
DA:176,1
DA:181,4
DA:184,1
DA:189,0
DA:190,0
DA:192,0
LF:70
LH:42
BRDA:15,0,0,4
BRDA:17,1,0,0
BRDA:17,1,1,4
BRDA:41,2,0,0
BRDA:43,3,0,0
BRDA:43,3,1,0
BRDA:52,4,0,4
BRDA:54,5,0,0
BRDA:54,5,1,4
BRDA:77,6,0,0
BRDA:79,7,0,0
BRDA:79,7,1,0
BRDA:103,8,0,0
BRDA:105,9,0,0
BRDA:105,9,1,0
BRDA:114,10,0,0
BRDA:116,11,0,0
BRDA:116,11,1,0
BRDA:125,12,0,4
BRDA:127,13,0,0
BRDA:127,13,1,4
BRDA:151,14,0,0
BRDA:153,15,0,0
BRDA:153,15,1,0
BRDA:162,16,0,4
BRDA:164,17,0,0
BRDA:164,17,1,4
BRDA:187,18,0,0
BRDA:189,19,0,0
BRDA:189,19,1,0
BRF:30
BRH:8
end_of_record
TN:
SF:src/core/index.ts
FNF:0
FNH:0
LF:0
LH:0
BRF:0
BRH:0
end_of_record
TN:
SF:src/core/utils/index.ts
FN:3,toObservable
FN:7,toPromise
FNF:2
FNH:0
FNDA:0,toObservable
FNDA:0,toPromise
DA:4,0
DA:8,0
LF:2
LH:0
BRF:0
BRH:0
end_of_record
TN:
SF:src/core/utils/parseUtils.ts
FN:4,(anonymous_0)
FN:6,(anonymous_1)
FNF:2
FNH:1
FNDA:1,(anonymous_0)
FNDA:0,(anonymous_1)
DA:3,1
DA:4,1
DA:6,0
LF:3
LH:2
BRF:0
BRH:0
end_of_record
