TN:
SF:src/core/ApiProvider.tsx
FN:8,(anonymous_0)
FNF:1
FNH:1
FNDA:1,(anonymous_0)
DA:8,1
DA:9,1
DA:10,1
DA:12,1
LF:4
LH:4
BRDA:9,0,0,1
BRDA:9,0,1,0
BRF:2
BRH:1
end_of_record
TN:
SF:src/core/Request.ts
FN:27,(anonymous_0)
FN:31,(anonymous_1)
FN:38,(anonymous_2)
FN:42,(anonymous_3)
FN:46,(anonymous_4)
FN:52,(anonymous_5)
FN:56,(anonymous_6)
FN:72,(anonymous_7)
FN:76,(anonymous_8)
FN:80,(anonymous_9)
FN:84,(anonymous_10)
FN:88,(anonymous_11)
FN:92,(anonymous_12)
FN:99,(anonymous_13)
FNF:14
FNH:7
FNDA:1,(anonymous_0)
FNDA:1,(anonymous_1)
FNDA:0,(anonymous_2)
FNDA:1,(anonymous_3)
FNDA:1,(anonymous_4)
FNDA:0,(anonymous_5)
FNDA:0,(anonymous_6)
FNDA:0,(anonymous_7)
FNDA:1,(anonymous_8)
FNDA:0,(anonymous_9)
FNDA:1,(anonymous_10)
FNDA:0,(anonymous_11)
FNDA:0,(anonymous_12)
FNDA:1,(anonymous_13)
DA:28,1
DA:32,1
DA:39,0
DA:43,1
DA:47,1
DA:53,0
DA:57,0
DA:58,0
DA:59,0
DA:60,0
DA:62,0
DA:66,0
DA:73,0
DA:77,1
DA:81,0
DA:85,1
DA:89,0
DA:93,0
DA:100,1
LF:19
LH:7
BRDA:31,0,0,0
BRDA:38,1,0,0
BRDA:42,2,0,0
BRDA:46,3,0,0
BRDA:52,4,0,0
BRDA:56,5,0,0
BRDA:57,6,0,0
BRDA:57,6,1,0
BRDA:72,7,0,0
BRDA:76,8,0,0
BRDA:80,9,0,0
BRDA:84,10,0,0
BRDA:88,11,0,0
BRF:13
BRH:0
end_of_record
TN:
SF:src/core/hooks.ts
FN:8,(anonymous_0)
FN:17,(anonymous_1)
FN:22,(anonymous_2)
FN:26,(anonymous_3)
FN:29,(anonymous_4)
FN:36,(anonymous_5)
FN:43,(anonymous_6)
FN:48,(anonymous_7)
FN:51,(anonymous_8)
FN:55,(anonymous_9)
FN:63,(anonymous_10)
FN:68,(anonymous_11)
FN:71,(anonymous_12)
FN:74,(anonymous_13)
FN:81,(anonymous_14)
FN:88,(anonymous_15)
FN:96,(anonymous_16)
FN:101,(anonymous_17)
FN:104,(anonymous_18)
FN:107,(anonymous_19)
FN:114,(anonymous_20)
FN:121,(anonymous_21)
FN:126,(anonymous_22)
FN:129,(anonymous_23)
FN:132,(anonymous_24)
FNF:25
FNH:16
FNDA:4,(anonymous_0)
FNDA:1,(anonymous_1)
FNDA:1,(anonymous_2)
FNDA:1,(anonymous_3)
FNDA:0,(anonymous_4)
FNDA:4,(anonymous_5)
FNDA:1,(anonymous_6)
FNDA:1,(anonymous_7)
FNDA:1,(anonymous_8)
FNDA:0,(anonymous_9)
FNDA:0,(anonymous_10)
FNDA:0,(anonymous_11)
FNDA:0,(anonymous_12)
FNDA:0,(anonymous_13)
FNDA:0,(anonymous_14)
FNDA:4,(anonymous_15)
FNDA:1,(anonymous_16)
FNDA:1,(anonymous_17)
FNDA:1,(anonymous_18)
FNDA:0,(anonymous_19)
FNDA:4,(anonymous_20)
FNDA:1,(anonymous_21)
FNDA:1,(anonymous_22)
FNDA:1,(anonymous_23)
FNDA:0,(anonymous_24)
DA:8,1
DA:10,4
DA:11,0
DA:14,4
DA:15,4
DA:17,4
DA:18,1
DA:19,1
DA:22,1
DA:26,4
DA:29,1
DA:30,0
DA:31,0
DA:33,0
DA:36,1
DA:37,4
DA:38,0
DA:40,4
DA:41,4
DA:43,4
DA:44,1
DA:45,1
DA:48,1
DA:51,4
DA:55,1
DA:56,0
DA:57,0
DA:60,0
DA:61,0
DA:63,0
DA:64,0
DA:65,0
DA:68,0
DA:71,0
DA:74,1
DA:75,0
DA:76,0
DA:78,0
DA:81,1
DA:82,0
DA:83,0
DA:85,0
DA:88,1
DA:89,4
DA:90,0
DA:93,4
DA:94,4
DA:96,4
DA:97,1
DA:98,1
DA:101,1
DA:104,4
DA:107,1
DA:108,0
DA:109,0
DA:111,0
DA:114,1
DA:115,4
DA:116,0
DA:118,4
DA:119,4
DA:121,4
DA:122,1
DA:123,1
DA:126,1
DA:129,4
DA:132,1
DA:133,0
DA:134,0
DA:136,0
LF:70
LH:42
BRDA:8,0,0,4
BRDA:10,1,0,0
BRDA:10,1,1,4
BRDA:29,2,0,0
BRDA:30,3,0,0
BRDA:30,3,1,0
BRDA:36,4,0,4
BRDA:37,5,0,0
BRDA:37,5,1,4
BRDA:55,6,0,0
BRDA:56,7,0,0
BRDA:56,7,1,0
BRDA:74,8,0,0
BRDA:75,9,0,0
BRDA:75,9,1,0
BRDA:81,10,0,0
BRDA:82,11,0,0
BRDA:82,11,1,0
BRDA:88,12,0,4
BRDA:89,13,0,0
BRDA:89,13,1,4
BRDA:107,14,0,0
BRDA:108,15,0,0
BRDA:108,15,1,0
BRDA:114,16,0,4
BRDA:115,17,0,0
BRDA:115,17,1,4
BRDA:132,18,0,0
BRDA:133,19,0,0
BRDA:133,19,1,0
BRF:30
BRH:8
end_of_record
TN:
SF:src/core/index.ts
FNF:0
FNH:0
LF:0
LH:0
BRF:0
BRH:0
end_of_record
TN:
SF:src/core/utils/index.ts
FN:3,toObservable
FN:7,toPromise
FNF:2
FNH:0
FNDA:0,toObservable
FNDA:0,toPromise
DA:4,0
DA:8,0
LF:2
LH:0
BRF:0
BRH:0
end_of_record
TN:
SF:src/core/utils/parseUtils.ts
FN:4,(anonymous_0)
FN:6,(anonymous_1)
FNF:2
FNH:1
FNDA:1,(anonymous_0)
FNDA:0,(anonymous_1)
DA:3,1
DA:4,1
DA:6,0
LF:3
LH:2
BRF:0
BRH:0
end_of_record
